This is pdfTeX, Version 3.141592653-2.6-1.40.22 (TeX Live 2022/dev/Debian) (preloaded format=pdflatex 2024.4.3)  28 APR 2024 22:41
entering extended mode
 restricted \write18 enabled.
 file:line:error style messages enabled.
 %&-line parsing enabled.
**/home/siddhant/Desktop/bash-grader/latex/report.tex
(/home/siddhant/Desktop/bash-grader/latex/report.tex
LaTeX2e <2021-11-15> patch level 1
L3 programming layer <2022-01-21> (/usr/share/texlive/texmf-dist/tex/latex/base/article.cls
Document Class: article 2021/10/04 v1.4n Standard LaTeX document class
(/usr/share/texlive/texmf-dist/tex/latex/base/size10.clo
File: size10.clo 2021/10/04 v1.4n Standard LaTeX file (size option)
)
\c@part=\count185
\c@section=\count186
\c@subsection=\count187
\c@subsubsection=\count188
\c@paragraph=\count189
\c@subparagraph=\count190
\c@figure=\count191
\c@table=\count192
\abovecaptionskip=\skip47
\belowcaptionskip=\skip48
\bibindent=\dimen138
) (/usr/share/texlive/texmf-dist/tex/latex/graphics/graphicx.sty
Package: graphicx 2021/09/16 v1.2d Enhanced LaTeX Graphics (DPC,SPQR)
 (/usr/share/texlive/texmf-dist/tex/latex/graphics/keyval.sty
Package: keyval 2014/10/28 v1.15 key=value parser (DPC)
\KV@toks@=\toks16
) (/usr/share/texlive/texmf-dist/tex/latex/graphics/graphics.sty
Package: graphics 2021/03/04 v1.4d Standard LaTeX Graphics (DPC,SPQR)
 (/usr/share/texlive/texmf-dist/tex/latex/graphics/trig.sty
Package: trig 2021/08/11 v1.11 sin cos tan (DPC)
) (/usr/share/texlive/texmf-dist/tex/latex/graphics-cfg/graphics.cfg
File: graphics.cfg 2016/06/04 v1.11 sample graphics configuration
)
Package graphics Info: Driver file: pdftex.def on input line 107.
 (/usr/share/texlive/texmf-dist/tex/latex/graphics-def/pdftex.def
File: pdftex.def 2020/10/05 v1.2a Graphics/color driver for pdftex
))
\Gin@req@height=\dimen139
\Gin@req@width=\dimen140
) (/usr/share/texlive/texmf-dist/tex/latex/hyperref/hyperref.sty
Package: hyperref 2021-06-07 v7.00m Hypertext links for LaTeX
 (/usr/share/texlive/texmf-dist/tex/generic/ltxcmds/ltxcmds.sty
Package: ltxcmds 2020-05-10 v1.25 LaTeX kernel commands for general use (HO)
) (/usr/share/texlive/texmf-dist/tex/generic/iftex/iftex.sty
Package: iftex 2020/03/06 v1.0d TeX engine tests
) (/usr/share/texlive/texmf-dist/tex/generic/pdftexcmds/pdftexcmds.sty
Package: pdftexcmds 2020-06-27 v0.33 Utility functions of pdfTeX for LuaTeX (HO)
 (/usr/share/texlive/texmf-dist/tex/generic/infwarerr/infwarerr.sty
Package: infwarerr 2019/12/03 v1.5 Providing info/warning/error messages (HO)
)
Package pdftexcmds Info: \pdf@primitive is available.
Package pdftexcmds Info: \pdf@ifprimitive is available.
Package pdftexcmds Info: \pdfdraftmode found.
) (/usr/share/texlive/texmf-dist/tex/generic/kvsetkeys/kvsetkeys.sty
Package: kvsetkeys 2019/12/15 v1.18 Key value parser (HO)
) (/usr/share/texlive/texmf-dist/tex/generic/kvdefinekeys/kvdefinekeys.sty
Package: kvdefinekeys 2019-12-19 v1.6 Define keys (HO)
) (/usr/share/texlive/texmf-dist/tex/generic/pdfescape/pdfescape.sty
Package: pdfescape 2019/12/09 v1.15 Implements pdfTeX's escape features (HO)
) (/usr/share/texlive/texmf-dist/tex/latex/hycolor/hycolor.sty
Package: hycolor 2020-01-27 v1.10 Color options for hyperref/bookmark (HO)
) (/usr/share/texlive/texmf-dist/tex/latex/letltxmacro/letltxmacro.sty
Package: letltxmacro 2019/12/03 v1.6 Let assignment for LaTeX macros (HO)
) (/usr/share/texlive/texmf-dist/tex/latex/auxhook/auxhook.sty
Package: auxhook 2019-12-17 v1.6 Hooks for auxiliary files (HO)
) (/usr/share/texlive/texmf-dist/tex/latex/kvoptions/kvoptions.sty
Package: kvoptions 2020-10-07 v3.14 Key value format for package options (HO)
)
\@linkdim=\dimen141
\Hy@linkcounter=\count193
\Hy@pagecounter=\count194
 (/usr/share/texlive/texmf-dist/tex/latex/hyperref/pd1enc.def
File: pd1enc.def 2021-06-07 v7.00m Hyperref: PDFDocEncoding definition (HO)
Now handling font encoding PD1 ...
... no UTF-8 mapping file for font encoding PD1
) (/usr/share/texlive/texmf-dist/tex/latex/hyperref/hyperref-langpatches.def
File: hyperref-langpatches.def 2021-06-07 v7.00m Hyperref: patches for babel languages
) (/usr/share/texlive/texmf-dist/tex/generic/intcalc/intcalc.sty
Package: intcalc 2019/12/15 v1.3 Expandable calculations with integers (HO)
) (/usr/share/texlive/texmf-dist/tex/generic/etexcmds/etexcmds.sty
Package: etexcmds 2019/12/15 v1.7 Avoid name clashes with e-TeX commands (HO)
)
\Hy@SavedSpaceFactor=\count195
 (/usr/share/texlive/texmf-dist/tex/latex/hyperref/puenc.def
File: puenc.def 2021-06-07 v7.00m Hyperref: PDF Unicode definition (HO)
Now handling font encoding PU ...
... no UTF-8 mapping file for font encoding PU
)
Package hyperref Info: Hyper figures OFF on input line 4192.
Package hyperref Info: Link nesting OFF on input line 4197.
Package hyperref Info: Hyper index ON on input line 4200.
Package hyperref Info: Plain pages OFF on input line 4207.
Package hyperref Info: Backreferencing OFF on input line 4212.
Package hyperref Info: Implicit mode ON; LaTeX internals redefined.
Package hyperref Info: Bookmarks ON on input line 4445.
\c@Hy@tempcnt=\count196
 (/usr/share/texlive/texmf-dist/tex/latex/url/url.sty
\Urlmuskip=\muskip16
Package: url 2013/09/16  ver 3.4  Verb mode for urls, etc.
)
LaTeX Info: Redefining \url on input line 4804.
\XeTeXLinkMargin=\dimen142
 (/usr/share/texlive/texmf-dist/tex/generic/bitset/bitset.sty
Package: bitset 2019/12/09 v1.3 Handle bit-vector datatype (HO)
 (/usr/share/texlive/texmf-dist/tex/generic/bigintcalc/bigintcalc.sty
Package: bigintcalc 2019/12/15 v1.5 Expandable calculations on big integers (HO)
))
\Fld@menulength=\count197
\Field@Width=\dimen143
\Fld@charsize=\dimen144
Package hyperref Info: Hyper figures OFF on input line 6076.
Package hyperref Info: Link nesting OFF on input line 6081.
Package hyperref Info: Hyper index ON on input line 6084.
Package hyperref Info: backreferencing OFF on input line 6091.
Package hyperref Info: Link coloring OFF on input line 6096.
Package hyperref Info: Link coloring with OCG OFF on input line 6101.
Package hyperref Info: PDF/A mode OFF on input line 6106.
LaTeX Info: Redefining \ref on input line 6146.
LaTeX Info: Redefining \pageref on input line 6150.
 (/usr/share/texlive/texmf-dist/tex/latex/base/atbegshi-ltx.sty
Package: atbegshi-ltx 2021/01/10 v1.0c Emulation of the original atbegshi
package with kernel methods
)
\Hy@abspage=\count198
\c@Item=\count199
\c@Hfootnote=\count266
)
Package hyperref Info: Driver (autodetected): hpdftex.
 (/usr/share/texlive/texmf-dist/tex/latex/hyperref/hpdftex.def
File: hpdftex.def 2021-06-07 v7.00m Hyperref driver for pdfTeX
 (/usr/share/texlive/texmf-dist/tex/latex/base/atveryend-ltx.sty
Package: atveryend-ltx 2020/08/19 v1.0a Emulation of the original atveryend package
with kernel methods
)
\Fld@listcount=\count267
\c@bookmark@seq@number=\count268
 (/usr/share/texlive/texmf-dist/tex/latex/rerunfilecheck/rerunfilecheck.sty
Package: rerunfilecheck 2019/12/05 v1.9 Rerun checks for auxiliary files (HO)
 (/usr/share/texlive/texmf-dist/tex/generic/uniquecounter/uniquecounter.sty
Package: uniquecounter 2019/12/15 v1.4 Provide unlimited unique counter (HO)
)
Package uniquecounter Info: New unique counter `rerunfilecheck' on input line 286.
)
\Hy@SectionHShift=\skip49
) (/usr/share/texlive/texmf-dist/tex/latex/titlesec/titlesec.sty
Package: titlesec 2021/07/05 v2.14 Sectioning titles
\ttl@box=\box50
\beforetitleunit=\skip50
\aftertitleunit=\skip51
\ttl@plus=\dimen145
\ttl@minus=\dimen146
\ttl@toksa=\toks17
\titlewidth=\dimen147
\titlewidthlast=\dimen148
\titlewidthfirst=\dimen149
) (/usr/share/texlive/texmf-dist/tex/latex/fancyvrb/fancyvrb.sty
Package: fancyvrb 2021/12/21 4.1b verbatim text (tvz,hv)
\FV@CodeLineNo=\count269
\FV@InFile=\read2
\FV@TabBox=\box51
\c@FancyVerbLine=\count270
\FV@StepNumber=\count271
\FV@OutFile=\write3
) (/usr/share/texlive/texmf-dist/tex/latex/caption/subcaption.sty
Package: subcaption 2020/10/07 v1.3j Sub-captions (AR)
 (/usr/share/texlive/texmf-dist/tex/latex/caption/caption.sty
Package: caption 2020/10/26 v3.5g Customizing captions (AR)
 (/usr/share/texlive/texmf-dist/tex/latex/caption/caption3.sty
Package: caption3 2020/10/21 v2.2e caption3 kernel (AR)
\captionmargin=\dimen150
\captionmargin@=\dimen151
\captionwidth=\dimen152
\caption@tempdima=\dimen153
\caption@indent=\dimen154
\caption@parindent=\dimen155
\caption@hangindent=\dimen156
Package caption Info: Standard document class detected.
)
\c@caption@flags=\count272
\c@continuedfloat=\count273
Package caption Info: hyperref package is loaded.
)
\c@subfigure=\count274
\c@subtable=\count275
) (/usr/share/texlive/texmf-dist/tex/latex/geometry/geometry.sty
Package: geometry 2020/01/02 v5.9 Page Geometry
 (/usr/share/texlive/texmf-dist/tex/generic/iftex/ifvtex.sty
Package: ifvtex 2019/10/25 v1.7 ifvtex legacy package. Use iftex instead.
)
\Gm@cnth=\count276
\Gm@cntv=\count277
\c@Gm@tempcnt=\count278
\Gm@bindingoffset=\dimen157
\Gm@wd@mp=\dimen158
\Gm@odd@mp=\dimen159
\Gm@even@mp=\dimen160
\Gm@layoutwidth=\dimen161
\Gm@layoutheight=\dimen162
\Gm@layouthoffset=\dimen163
\Gm@layoutvoffset=\dimen164
\Gm@dimlist=\toks18
) (/usr/share/texlive/texmf-dist/tex/latex/etoolbox/etoolbox.sty
Package: etoolbox 2020/10/05 v2.5k e-TeX tools for LaTeX (JAW)
\etb@tempcnta=\count279
) (/usr/share/texlive/texmf-dist/tex/latex/l3backend/l3backend-pdftex.def
File: l3backend-pdftex.def 2022-01-12 L3 backend support: PDF output (pdfTeX)
\l__color_backend_stack_int=\count280
\l__pdf_internal_box=\box52
) (./report.aux)
\openout1 = `report.aux'.

LaTeX Font Info:    Checking defaults for OML/cmm/m/it on input line 29.
LaTeX Font Info:    ... okay on input line 29.
LaTeX Font Info:    Checking defaults for OMS/cmsy/m/n on input line 29.
LaTeX Font Info:    ... okay on input line 29.
LaTeX Font Info:    Checking defaults for OT1/cmr/m/n on input line 29.
LaTeX Font Info:    ... okay on input line 29.
LaTeX Font Info:    Checking defaults for T1/cmr/m/n on input line 29.
LaTeX Font Info:    ... okay on input line 29.
LaTeX Font Info:    Checking defaults for TS1/cmr/m/n on input line 29.
LaTeX Font Info:    ... okay on input line 29.
LaTeX Font Info:    Checking defaults for OMX/cmex/m/n on input line 29.
LaTeX Font Info:    ... okay on input line 29.
LaTeX Font Info:    Checking defaults for U/cmr/m/n on input line 29.
LaTeX Font Info:    ... okay on input line 29.
LaTeX Font Info:    Checking defaults for PD1/pdf/m/n on input line 29.
LaTeX Font Info:    ... okay on input line 29.
LaTeX Font Info:    Checking defaults for PU/pdf/m/n on input line 29.
LaTeX Font Info:    ... okay on input line 29.
 (/usr/share/texlive/texmf-dist/tex/context/base/mkii/supp-pdf.mkii
[Loading MPS to PDF converter (version 2006.09.02).]
\scratchcounter=\count281
\scratchdimen=\dimen165
\scratchbox=\box53
\nofMPsegments=\count282
\nofMParguments=\count283
\everyMPshowfont=\toks19
\MPscratchCnt=\count284
\MPscratchDim=\dimen166
\MPnumerator=\count285
\makeMPintoPDFobject=\count286
\everyMPtoPDFconversion=\toks20
) (/usr/share/texlive/texmf-dist/tex/latex/epstopdf-pkg/epstopdf-base.sty
Package: epstopdf-base 2020-01-24 v2.11 Base part for package epstopdf
Package epstopdf-base Info: Redefining graphics rule for `.eps' on input line 485.
 (/usr/share/texlive/texmf-dist/tex/latex/latexconfig/epstopdf-sys.cfg
File: epstopdf-sys.cfg 2010/07/13 v1.3 Configuration of (r)epstopdf for TeX Live
))
Package hyperref Info: Link coloring OFF on input line 29.
 (/usr/share/texlive/texmf-dist/tex/latex/hyperref/nameref.sty
Package: nameref 2021-04-02 v2.47 Cross-referencing by name of section
 (/usr/share/texlive/texmf-dist/tex/latex/refcount/refcount.sty
Package: refcount 2019/12/15 v3.6 Data extraction from label references (HO)
) (/usr/share/texlive/texmf-dist/tex/generic/gettitlestring/gettitlestring.sty
Package: gettitlestring 2019/12/15 v1.6 Cleanup title references (HO)
)
\c@section@level=\count287
)
LaTeX Info: Redefining \ref on input line 29.
LaTeX Info: Redefining \pageref on input line 29.
LaTeX Info: Redefining \nameref on input line 29.
\@outlinefile=\write4
\openout4 = `report.out'.

Package caption Info: Begin \AtBeginDocument code.
Package caption Info: End \AtBeginDocument code.

*geometry* driver: auto-detecting
*geometry* detected driver: pdftex
*geometry* verbose mode - [ preamble ] result:
* driver: pdftex
* paper: a4paper
* layout: <same size as paper>
* layoutoffset:(h,v)=(0.0pt,0.0pt)
* modes: 
* h-part:(L,W,R)=(56.9055pt, 483.69684pt, 56.90553pt)
* v-part:(T,H,B)=(56.9055pt, 731.23582pt, 56.90552pt)
* \paperwidth=597.50787pt
* \paperheight=845.04684pt
* \textwidth=483.69684pt
* \textheight=731.23582pt
* \oddsidemargin=-15.36449pt
* \evensidemargin=-15.36449pt
* \topmargin=-52.36449pt
* \headheight=12.0pt
* \headsep=25.0pt
* \topskip=10.0pt
* \footskip=30.0pt
* \marginparwidth=65.0pt
* \marginparsep=11.0pt
* \columnsep=10.0pt
* \skip\footins=9.0pt plus 4.0pt minus 2.0pt
* \hoffset=0.0pt
* \voffset=0.0pt
* \mag=1000
* \@twocolumnfalse
* \@twosidefalse
* \@mparswitchfalse
* \@reversemarginfalse
* (1in=72.27pt=25.4mm, 1cm=28.453pt)

<./images//bashlogo.png, id=4, 2055.68pt x 2055.68pt>
File: ./images//bashlogo.png Graphic file (type png)
<use ./images//bashlogo.png>
Package pdftex.def Info: ./images//bashlogo.png  used on input line 32.
(pdftex.def)             Requested size: 227.62204pt x 227.59975pt.
LaTeX Font Info:    External font `cmex10' loaded for size
(Font)              <12> on input line 32.
LaTeX Font Info:    External font `cmex10' loaded for size
(Font)              <8> on input line 32.
LaTeX Font Info:    External font `cmex10' loaded for size
(Font)              <6> on input line 32.
[1

{/var/lib/texmf/fonts/map/pdftex/updmap/pdftex.map} <./images//bashlogo.png>]
\tf@toc=\write5
\openout5 = `report.toc'.

 [2] [3] [4]
<./images//upload.png, id=46, 734.745pt x 153.57375pt>
File: ./images//upload.png Graphic file (type png)
<use ./images//upload.png>
Package pdftex.def Info: ./images//upload.png  used on input line 161.
(pdftex.def)             Requested size: 483.69684pt x 101.10355pt.
<./images//total.png, id=47, 736.7525pt x 274.02374pt>
File: ./images//total.png Graphic file (type png)
<use ./images//total.png>
Package pdftex.def Info: ./images//total.png  used on input line 169.
(pdftex.def)             Requested size: 284.52756pt x 105.8235pt.
 [5 <./images//upload.png> <./images//total.png>]
<./images//before_combine.png, id=64, 640.3925pt x 289.08pt>
File: ./images//before_combine.png Graphic file (type png)
<use ./images//before_combine.png>
Package pdftex.def Info: ./images//before_combine.png  used on input line 185.
(pdftex.def)             Requested size: 241.84685pt x 85.35725pt.
LaTeX Font Info:    External font `cmex10' loaded for size
(Font)              <7> on input line 188.
LaTeX Font Info:    External font `cmex10' loaded for size
(Font)              <5> on input line 188.
<./images//after_combine.png, id=65, 673.51625pt x 277.035pt>
File: ./images//after_combine.png Graphic file (type png)
<use ./images//after_combine.png>
Package pdftex.def Info: ./images//after_combine.png  used on input line 190.
(pdftex.def)             Requested size: 241.84904pt x 85.35577pt.

Overfull \hbox (2.22221pt too wide) in paragraph at lines 184--194
[]$[]$ $[]$ 
 []

<./images//quiz-before.png, id=66, 716.6775pt x 259.97125pt>
File: ./images//quiz-before.png Graphic file (type png)
<use ./images//quiz-before.png>
Package pdftex.def Info: ./images//quiz-before.png  used on input line 202.
(pdftex.def)             Requested size: 241.84088pt x 85.35838pt.
<./images//quiz-after.png, id=67, 716.6775pt x 259.97125pt>
File: ./images//quiz-after.png Graphic file (type png)
<use ./images//quiz-after.png>
Package pdftex.def Info: ./images//quiz-after.png  used on input line 206.
(pdftex.def)             Requested size: 241.84088pt x 85.35838pt.

Overfull \hbox (2.22221pt too wide) in paragraph at lines 201--209
[]$[]$ $[]$ 
 []

<./images//main-before.png, id=68, 716.6775pt x 259.97125pt>
File: ./images//main-before.png Graphic file (type png)
<use ./images//main-before.png>
Package pdftex.def Info: ./images//main-before.png  used on input line 212.
(pdftex.def)             Requested size: 241.84088pt x 85.35838pt.
<./images//main-after.png, id=69, 716.6775pt x 259.97125pt>
File: ./images//main-after.png Graphic file (type png)
<use ./images//main-after.png>
Package pdftex.def Info: ./images//main-after.png  used on input line 216.
(pdftex.def)             Requested size: 241.84088pt x 85.35838pt.

Overfull \hbox (2.22221pt too wide) in paragraph at lines 211--219
[]$[]$ $[]$ 
 []


Underfull \hbox (badness 10000) in paragraph at lines 220--225

 []

[6 <./images//before_combine.png> <./images//after_combine.png> <./images//quiz-before.png> <./images//quiz-after.png> <./images//main-before.png> <./images//main-after.png>]
Underfull \hbox (badness 10000) in paragraph at lines 229--231

 []


Underfull \hbox (badness 10000) in paragraph at lines 235--238

 []


Underfull \hbox (badness 10000) in paragraph at lines 239--240

 []


Underfull \hbox (badness 10000) in paragraph at lines 241--242

 []


Underfull \hbox (badness 10000) in paragraph at lines 250--252

 []


Underfull \hbox (badness 10000) in paragraph at lines 256--258

 []


Underfull \hbox (badness 10000) in paragraph at lines 259--260

 []

[7]
Underfull \hbox (badness 10000) in paragraph at lines 261--262

 []


Underfull \hbox (badness 10000) in paragraph at lines 266--269

 []


Underfull \hbox (badness 10000) in paragraph at lines 270--272

 []


Underfull \hbox (badness 10000) in paragraph at lines 276--278

 []


Underfull \hbox (badness 10000) in paragraph at lines 279--280

 []


Underfull \hbox (badness 10000) in paragraph at lines 284--286

 []


Underfull \hbox (badness 10000) in paragraph at lines 287--288

 []

<./images//histogram.png, id=99, 603.25375pt x 460.72125pt>
File: ./images//histogram.png Graphic file (type png)
<use ./images//histogram.png>
Package pdftex.def Info: ./images//histogram.png  used on input line 293.
(pdftex.def)             Requested size: 241.8403pt x 142.2597pt.
<./images//scatter-plot.png, id=100, 594.22pt x 464.73625pt>
File: ./images//scatter-plot.png Graphic file (type png)
<use ./images//scatter-plot.png>
Package pdftex.def Info: ./images//scatter-plot.png  used on input line 297.
(pdftex.def)             Requested size: 241.85463pt x 142.25845pt.

Overfull \hbox (2.22221pt too wide) in paragraph at lines 292--300
[]$[]$ $[]$ 
 []


LaTeX Warning: `h' float specifier changed to `ht'.

[8]
Underfull \hbox (badness 10000) in paragraph at lines 304--307

 []


Underfull \hbox (badness 10000) in paragraph at lines 308--309

 []


Underfull \hbox (badness 10000) in paragraph at lines 310--311

 []

<./images//stats.png, id=108, 829.0975pt x 285.065pt>
File: ./images//stats.png Graphic file (type png)
<use ./images//stats.png>
Package pdftex.def Info: ./images//stats.png  used on input line 312.
(pdftex.def)             Requested size: 284.52083pt x 142.26247pt.

Underfull \hbox (badness 10000) in paragraph at lines 316--317

 []


Underfull \hbox (badness 10000) in paragraph at lines 321--323

 []


Underfull \hbox (badness 10000) in paragraph at lines 324--325

 []

[9 <./images//histogram.png> <./images//scatter-plot.png> <./images//stats.png>]
<./images//report-card.png, id=126, 682.55pt x 873.2625pt>
File: ./images//report-card.png Graphic file (type png)
<use ./images//report-card.png>
Package pdftex.def Info: ./images//report-card.png  used on input line 330.
(pdftex.def)             Requested size: 227.61678pt x 284.52649pt.

Underfull \hbox (badness 10000) in paragraph at lines 333--334

 []


/home/siddhant/Desktop/bash-grader/latex/report.tex:337: LaTeX Error: Environment thebiblography undefined.

See the LaTeX manual or LaTeX Companion for explanation.
Type  H <return>  for immediate help.
 ...                                              
                                                  
l.337 \begin{thebiblography}
                            {9}
Your command was ignored.
Type  I <command> <return>  to replace it with another command,
or  <return>  to continue without it.


/home/siddhant/Desktop/bash-grader/latex/report.tex:341: LaTeX Error: Lonely \item--perhaps a missing list environment.

See the LaTeX manual or LaTeX Companion for explanation.
Type  H <return>  for immediate help.
 ...                                              
                                                  
l.341 \bibitem{bash}
                    Bash \url{https://www.gnu.org/software/bash/manual/bash....
Try typing  <return>  to proceed.
If that doesn't work, type  X <return>  to quit.

/home/siddhant/Desktop/bash-grader/latex/report.tex:341: Undefined control sequence.
<argument> \@listctr 
                     
l.341 \bibitem{bash}
                    Bash \url{https://www.gnu.org/software/bash/manual/bash....
The control sequence at the end of the top line
of your error message was never \def'ed. If you have
misspelled it (e.g., `\hobx'), type `I' and the correct
spelling (e.g., `I\hbox'). Otherwise just continue,
and I'll forget about whatever was undefined.

/home/siddhant/Desktop/bash-grader/latex/report.tex:341: You can't use `\relax' after \the.
<recently read> \c@ 
                    
l.341 \bibitem{bash}
                    Bash \url{https://www.gnu.org/software/bash/manual/bash....
I'm forgetting what you said and using zero instead.


/home/siddhant/Desktop/bash-grader/latex/report.tex:342: LaTeX Error: Lonely \item--perhaps a missing list environment.

See the LaTeX manual or LaTeX Companion for explanation.
Type  H <return>  for immediate help.
 ...                                              
                                                  
l.342 \bibitem{awk}
                    \url{https://www.gnu.org/software/gawk/manual/gawk.html}
Try typing  <return>  to proceed.
If that doesn't work, type  X <return>  to quit.

/home/siddhant/Desktop/bash-grader/latex/report.tex:342: Undefined control sequence.
<argument> \@listctr 
                     
l.342 \bibitem{awk}
                    \url{https://www.gnu.org/software/gawk/manual/gawk.html}
The control sequence at the end of the top line
of your error message was never \def'ed. If you have
misspelled it (e.g., `\hobx'), type `I' and the correct
spelling (e.g., `I\hbox'). Otherwise just continue,
and I'll forget about whatever was undefined.

/home/siddhant/Desktop/bash-grader/latex/report.tex:342: You can't use `\relax' after \the.
<recently read> \c@ 
                    
l.342 \bibitem{awk}
                    \url{https://www.gnu.org/software/gawk/manual/gawk.html}
I'm forgetting what you said and using zero instead.


/home/siddhant/Desktop/bash-grader/latex/report.tex:343: LaTeX Error: Lonely \item--perhaps a missing list environment.

See the LaTeX manual or LaTeX Companion for explanation.
Type  H <return>  for immediate help.
 ...                                              
                                                  
l.343 \bibitem{python}
                       \url{https://docs.python.org/3/}
Try typing  <return>  to proceed.
If that doesn't work, type  X <return>  to quit.

/home/siddhant/Desktop/bash-grader/latex/report.tex:343: Undefined control sequence.
<argument> \@listctr 
                     
l.343 \bibitem{python}
                       \url{https://docs.python.org/3/}
The control sequence at the end of the top line
of your error message was never \def'ed. If you have
misspelled it (e.g., `\hobx'), type `I' and the correct
spelling (e.g., `I\hbox'). Otherwise just continue,
and I'll forget about whatever was undefined.

/home/siddhant/Desktop/bash-grader/latex/report.tex:343: You can't use `\relax' after \the.
<recently read> \c@ 
                    
l.343 \bibitem{python}
                       \url{https://docs.python.org/3/}
I'm forgetting what you said and using zero instead.


/home/siddhant/Desktop/bash-grader/latex/report.tex:344: LaTeX Error: Lonely \item--perhaps a missing list environment.

See the LaTeX manual or LaTeX Companion for explanation.
Type  H <return>  for immediate help.
 ...                                              
                                                  
l.344 \bibitem{matplotlib}
                           \url{https://matplotlib.org/}
Try typing  <return>  to proceed.
If that doesn't work, type  X <return>  to quit.

/home/siddhant/Desktop/bash-grader/latex/report.tex:344: Undefined control sequence.
<argument> \@listctr 
                     
l.344 \bibitem{matplotlib}
                           \url{https://matplotlib.org/}
The control sequence at the end of the top line
of your error message was never \def'ed. If you have
misspelled it (e.g., `\hobx'), type `I' and the correct
spelling (e.g., `I\hbox'). Otherwise just continue,
and I'll forget about whatever was undefined.

/home/siddhant/Desktop/bash-grader/latex/report.tex:344: You can't use `\relax' after \the.
<recently read> \c@ 
                    
l.344 \bibitem{matplotlib}
                           \url{https://matplotlib.org/}
I'm forgetting what you said and using zero instead.


/home/siddhant/Desktop/bash-grader/latex/report.tex:345: LaTeX Error: Lonely \item--perhaps a missing list environment.

See the LaTeX manual or LaTeX Companion for explanation.
Type  H <return>  for immediate help.
 ...                                              
                                                  
l.345 \bibitem{scipy}
                      \url{https://www.scipy.org/}
Try typing  <return>  to proceed.
If that doesn't work, type  X <return>  to quit.

/home/siddhant/Desktop/bash-grader/latex/report.tex:345: Undefined control sequence.
<argument> \@listctr 
                     
l.345 \bibitem{scipy}
                      \url{https://www.scipy.org/}
The control sequence at the end of the top line
of your error message was never \def'ed. If you have
misspelled it (e.g., `\hobx'), type `I' and the correct
spelling (e.g., `I\hbox'). Otherwise just continue,
and I'll forget about whatever was undefined.

/home/siddhant/Desktop/bash-grader/latex/report.tex:345: You can't use `\relax' after \the.
<recently read> \c@ 
                    
l.345 \bibitem{scipy}
                      \url{https://www.scipy.org/}
I'm forgetting what you said and using zero instead.


/home/siddhant/Desktop/bash-grader/latex/report.tex:346: LaTeX Error: Lonely \item--perhaps a missing list environment.

See the LaTeX manual or LaTeX Companion for explanation.
Type  H <return>  for immediate help.
 ...                                              
                                                  
l.346 \bibitem{PIL}
                    \url{https://pillow.readthedocs.io/en/stable/}
Try typing  <return>  to proceed.
If that doesn't work, type  X <return>  to quit.

/home/siddhant/Desktop/bash-grader/latex/report.tex:346: Undefined control sequence.
<argument> \@listctr 
                     
l.346 \bibitem{PIL}
                    \url{https://pillow.readthedocs.io/en/stable/}
The control sequence at the end of the top line
of your error message was never \def'ed. If you have
misspelled it (e.g., `\hobx'), type `I' and the correct
spelling (e.g., `I\hbox'). Otherwise just continue,
and I'll forget about whatever was undefined.

/home/siddhant/Desktop/bash-grader/latex/report.tex:346: You can't use `\relax' after \the.
<recently read> \c@ 
                    
l.346 \bibitem{PIL}
                    \url{https://pillow.readthedocs.io/en/stable/}
I'm forgetting what you said and using zero instead.


/home/siddhant/Desktop/bash-grader/latex/report.tex:347: LaTeX Error: Lonely \item--perhaps a missing list environment.

See the LaTeX manual or LaTeX Companion for explanation.
Type  H <return>  for immediate help.
 ...                                              
                                                  
l.347     \bibitem{csv}
                        \url{https://docs.python.org/3/library/csv.html
Try typing  <return>  to proceed.
If that doesn't work, type  X <return>  to quit.

/home/siddhant/Desktop/bash-grader/latex/report.tex:347: Undefined control sequence.
<argument> \@listctr 
                     
l.347     \bibitem{csv}
                        \url{https://docs.python.org/3/library/csv.html
The control sequence at the end of the top line
of your error message was never \def'ed. If you have
misspelled it (e.g., `\hobx'), type `I' and the correct
spelling (e.g., `I\hbox'). Otherwise just continue,
and I'll forget about whatever was undefined.

/home/siddhant/Desktop/bash-grader/latex/report.tex:347: You can't use `\relax' after \the.
<recently read> \c@ 
                    
l.347     \bibitem{csv}
                        \url{https://docs.python.org/3/library/csv.html
I'm forgetting what you said and using zero instead.

)
Runaway argument?
{https://docs.python.org/3/library/csv.html^^M^^M\bibitem {os} \url {\ETC.
! File ended while scanning use of \hyper@n@rmalise.
<inserted text> 
                \par 
<*> ...ddhant/Desktop/bash-grader/latex/report.tex
                                                  
I suspect you have forgotten a `}', causing me
to read past where you wanted me to stop.
I'll try to recover; but if the error is serious,
you'd better type `E' or `X' now and fix your file.

! Emergency stop.
<*> ...ddhant/Desktop/bash-grader/latex/report.tex
                                                  
*** (job aborted, no legal \end found)

 
Here is how much of TeX's memory you used:
 11089 strings out of 480171
 179493 string characters out of 5894490
 477705 words of memory out of 5000000
 28875 multiletter control sequences out of 15000+600000
 474316 words of font info for 45 fonts, out of 8000000 for 9000
 59 hyphenation exceptions out of 8191
 67i,8n,77p,734b,465s stack positions out of 5000i,500n,10000p,200000b,80000s
!  ==> Fatal error occurred, no output PDF file produced!
