\BOOKMARK [1][-]{section.1}{\376\377\000O\000b\000j\000e\000c\000t\000i\000v\000e}{}% 1
\BOOKMARK [1][-]{section.2}{\376\377\000I\000n\000t\000r\000o\000d\000u\000c\000t\000i\000o\000n}{}% 2
\BOOKMARK [1][-]{section.3}{\376\377\000L\000i\000s\000t\000\040\000o\000f\000\040\000F\000u\000n\000c\000t\000i\000o\000n\000a\000l\000i\000t\000i\000e\000s}{}% 3
\BOOKMARK [2][-]{subsection.3.1}{\376\377\000B\000a\000s\000i\000c\000\040\000f\000u\000n\000c\000t\000i\000o\000n\000a\000l\000i\000t\000i\000e\000s}{section.3}% 4
\BOOKMARK [2][-]{subsection.3.2}{\376\377\000C\000u\000s\000t\000o\000m\000i\000s\000a\000t\000i\000o\000n\000s}{section.3}% 5
\BOOKMARK [1][-]{section.4}{\376\377\000U\000s\000a\000g\000e}{}% 6
\BOOKMARK [2][-]{subsection.4.1}{\376\377\000U\000p\000l\000o\000a\000d}{section.4}% 7
\BOOKMARK [2][-]{subsection.4.2}{\376\377\000T\000o\000t\000a\000l}{section.4}% 8
\BOOKMARK [2][-]{subsection.4.3}{\376\377\000C\000o\000m\000b\000i\000n\000e}{section.4}% 9
\BOOKMARK [2][-]{subsection.4.4}{\376\377\000U\000p\000d\000a\000t\000e}{section.4}% 10
\BOOKMARK [2][-]{subsection.4.5}{\376\377\000R\000a\000n\000k}{section.4}% 11
\BOOKMARK [2][-]{subsection.4.6}{\376\377\000G\000i\000t\000\040\000I\000n\000i\000t}{section.4}% 12
\BOOKMARK [2][-]{subsection.4.7}{\376\377\000G\000i\000t\000\040\000A\000d\000d}{section.4}% 13
\BOOKMARK [2][-]{subsection.4.8}{\376\377\000G\000i\000t\000\040\000R\000e\000m\000o\000v\000e}{section.4}% 14
\BOOKMARK [2][-]{subsection.4.9}{\376\377\000G\000i\000t\000\040\000C\000o\000m\000m\000i\000t}{section.4}% 15
\BOOKMARK [2][-]{subsection.4.10}{\376\377\000G\000i\000t\000\040\000C\000h\000e\000c\000k\000o\000u\000t}{section.4}% 16
\BOOKMARK [1][-]{section.5}{\376\377\000W\000o\000r\000k\000i\000n\000g}{}% 17
\BOOKMARK [2][-]{subsection.5.1}{\376\377\000U\000p\000l\000o\000a\000d}{section.5}% 18
\BOOKMARK [2][-]{subsection.5.2}{\376\377\000T\000o\000t\000a\000l}{section.5}% 19
\BOOKMARK [2][-]{subsection.5.3}{\376\377\000C\000o\000m\000b\000i\000n\000e}{section.5}% 20
\BOOKMARK [2][-]{subsection.5.4}{\376\377\000U\000p\000d\000a\000t\000e}{section.5}% 21
\BOOKMARK [2][-]{subsection.5.5}{\376\377\000R\000a\000n\000k}{section.5}% 22
\BOOKMARK [2][-]{subsection.5.6}{\376\377\000G\000i\000t\000\040\000I\000n\000i\000t}{section.5}% 23
\BOOKMARK [2][-]{subsection.5.7}{\376\377\000G\000i\000t\000\040\000A\000d\000d}{section.5}% 24
\BOOKMARK [2][-]{subsection.5.8}{\376\377\000G\000i\000t\000\040\000R\000e\000m\000o\000v\000e}{section.5}% 25
\BOOKMARK [2][-]{subsection.5.9}{\376\377\000G\000i\000t\000\040\000C\000o\000m\000m\000i\000t}{section.5}% 26
\BOOKMARK [2][-]{subsection.5.10}{\376\377\000G\000i\000t\000\040\000C\000h\000e\000c\000k\000o\000u\000t}{section.5}% 27
